2021-10-14 19:15:01,752 - mmdet - INFO - Environment info:
------------------------------------------------------------
sys.platform: linux
Python: 3.7.10 (default, Jun  4 2021, 14:48:32) [GCC 7.5.0]
CUDA available: True
GPU 0,1,2,3,4,5,6,7: GeForce RTX 3090
CUDA_HOME: /usr/local/cuda-11.1
NVCC: Build cuda_11.1.TC455_06.29069683_0
GCC: gcc (Ubuntu 5.4.0-6ubuntu1~16.04.12) 5.4.0 20160609
PyTorch: 1.7.0
PyTorch compiling details: PyTorch built with:
  - GCC 7.3
  - C++ Version: 201402
  - Intel(R) oneAPI Math Kernel Library Version 2021.3-Product Build 20210617 for Intel(R) 64 architecture applications
  - Intel(R) MKL-DNN v1.6.0 (Git Hash 5ef631a030a6f73131c77892041042805a06064f)
  - OpenMP 201511 (a.k.a. OpenMP 4.5)
  - NNPACK is enabled
  - CPU capability usage: AVX2
  - CUDA Runtime 11.0
  - NVCC architecture flags: -gencode;arch=compute_37,code=sm_37;-gencode;arch=compute_50,code=sm_50;-gencode;arch=compute_60,code=sm_60;-gencode;arch=compute_61,code=sm_61;-gencode;arch=compute_70,code=sm_70;-gencode;arch=compute_75,code=sm_75;-gencode;arch=compute_80,code=sm_80;-gencode;arch=compute_37,code=compute_37
  - CuDNN 8.0.3
  - Magma 2.5.2
  - Build settings: BLAS=MKL, BUILD_TYPE=Release, CXX_FLAGS= -Wno-deprecated -fvisibility-inlines-hidden -DUSE_PTHREADPOOL -fopenmp -DNDEBUG -DUSE_FBGEMM -DUSE_QNNPACK -DUSE_PYTORCH_QNNPACK -DUSE_XNNPACK -DUSE_VULKAN_WRAPPER -O2 -fPIC -Wno-narrowing -Wall -Wextra -Werror=return-type -Wno-missing-field-initializers -Wno-type-limits -Wno-array-bounds -Wno-unknown-pragmas -Wno-sign-compare -Wno-unused-parameter -Wno-unused-variable -Wno-unused-function -Wno-unused-result -Wno-unused-local-typedefs -Wno-strict-overflow -Wno-strict-aliasing -Wno-error=deprecated-declarations -Wno-stringop-overflow -Wno-psabi -Wno-error=pedantic -Wno-error=redundant-decls -Wno-error=old-style-cast -fdiagnostics-color=always -faligned-new -Wno-unused-but-set-variable -Wno-maybe-uninitialized -fno-math-errno -fno-trapping-math -Werror=format -Wno-stringop-overflow, PERF_WITH_AVX=1, PERF_WITH_AVX2=1, PERF_WITH_AVX512=1, USE_CUDA=ON, USE_EXCEPTION_PTR=1, USE_GFLAGS=OFF, USE_GLOG=OFF, USE_MKL=ON, USE_MKLDNN=ON, USE_MPI=OFF, USE_NCCL=ON, USE_NNPACK=ON, USE_OPENMP=ON, 

TorchVision: 0.8.0
OpenCV: 4.5.3
MMCV: 1.3.9
MMCV Compiler: GCC 7.3
MMCV CUDA Compiler: 11.0
MMDetection: 2.17.0+
------------------------------------------------------------

2021-10-14 19:15:02,732 - mmdet - INFO - Distributed training: True
2021-10-14 19:15:03,666 - mmdet - INFO - Config:
norm_cfg = dict(type='GN', num_groups=32, requires_grad=True)
model = dict(
    type='RepPointsDetector',
    backbone=dict(
        type='ResNet',
        depth=101,
        num_stages=4,
        out_indices=(0, 1, 2, 3),
        frozen_stages=1,
        norm_cfg=dict(type='BN', requires_grad=True),
        norm_eval=True,
        style='pytorch',
        init_cfg=dict(type='Pretrained',
                      checkpoint='torchvision://resnet101')),
    neck=dict(
        type='FPN',
        in_channels=[256, 512, 1024, 2048],
        out_channels=256,
        start_level=1,
        add_extra_convs='on_input',
        norm_cfg=dict(type='GN', num_groups=32, requires_grad=True),
        num_outs=5),
    bbox_head=dict(
        type='RepPointsHead',
        num_classes=1,
        in_channels=256,
        feat_channels=256,
        point_feat_channels=256,
        norm_cfg=dict(type='GN', num_groups=32, requires_grad=True),
        stacked_convs=3,
        num_points=9,
        gradient_mul=0.1,
        point_strides=[8, 16, 32, 64, 128],
        point_base_scale=4,
        loss_cls=dict(
            type='FocalLoss',
            use_sigmoid=True,
            gamma=2.0,
            alpha=0.25,
            loss_weight=1.0),
        loss_bbox_init=dict(type='SmoothL1Loss', beta=0.11, loss_weight=0.5),
        loss_bbox_refine=dict(type='SmoothL1Loss', beta=0.11, loss_weight=1.0),
        transform_method='moment'),
    train_cfg=dict(
        init=dict(
            assigner=dict(type='PointAssigner', scale=4, pos_num=1),
            allowed_border=-1,
            pos_weight=-1,
            debug=False),
        refine=dict(
            assigner=dict(
                type='MaxIoUAssigner',
                pos_iou_thr=0.5,
                neg_iou_thr=0.4,
                min_pos_iou=0,
                ignore_iof_thr=-1),
            allowed_border=-1,
            pos_weight=-1,
            debug=False)),
    test_cfg=dict(
        nms_pre=1000,
        min_bbox_size=0,
        score_thr=0.05,
        nms=dict(type='nms', iou_threshold=0.5),
        max_per_img=100))
dataset_type = 'RefCrowdDataset'
data_root = '/data1/QiuHeqian/refcrowdhuman_qhq/refcrowd_dataset/'
img_norm_cfg = dict(
    mean=[123.675, 116.28, 103.53], std=[58.395, 57.12, 57.375], to_rgb=True)
train_pipeline = [
    dict(type='LoadImageFromFile'),
    dict(type='LoadAnnotations', with_bbox=True),
    dict(type='Resize', img_scale=(1333, 800), keep_ratio=True),
    dict(type='RandomFlip', flip_ratio=0.0),
    dict(
        type='Normalize',
        mean=[123.675, 116.28, 103.53],
        std=[58.395, 57.12, 57.375],
        to_rgb=True),
    dict(type='Pad', size_divisor=32),
    dict(type='DefaultFormatBundle'),
    dict(
        type='Collect',
        keys=[
            'img', 'gt_bboxes', 'gt_labels', 'refer_labels', 'att_labels',
            'att_label_weights'
        ])
]
test_pipeline = [
    dict(type='LoadImageFromFile'),
    dict(
        type='MultiScaleFlipAug',
        img_scale=(1333, 800),
        flip=False,
        transforms=[
            dict(type='Resize', keep_ratio=True),
            dict(type='RandomFlip'),
            dict(
                type='Normalize',
                mean=[123.675, 116.28, 103.53],
                std=[58.395, 57.12, 57.375],
                to_rgb=True),
            dict(type='Pad', size_divisor=32),
            dict(type='ImageToTensor', keys=['img']),
            dict(type='Collect', keys=['img', 'refer_labels'])
        ])
]
data = dict(
    samples_per_gpu=2,
    workers_per_gpu=0,
    train=dict(
        type='RefCrowdDataset',
        ann_file=[
            '/data1/QiuHeqian/refcrowdhuman_qhq/refcrowd_dataset/annotations/1011_json/refcrowdhuman2021_qhq_train_1011_h5id.json'
        ],
        img_prefix=
        '/data1/QiuHeqian/refcrowdhuman_qhq/refcrowd_dataset/crowdhuman2021/',
        pipeline=[
            dict(type='LoadImageFromFile'),
            dict(type='LoadAnnotations', with_bbox=True),
            dict(type='Resize', img_scale=(1333, 800), keep_ratio=True),
            dict(type='RandomFlip', flip_ratio=0.0),
            dict(
                type='Normalize',
                mean=[123.675, 116.28, 103.53],
                std=[58.395, 57.12, 57.375],
                to_rgb=True),
            dict(type='Pad', size_divisor=32),
            dict(type='DefaultFormatBundle'),
            dict(
                type='Collect',
                keys=[
                    'img', 'gt_bboxes', 'gt_labels', 'refer_labels',
                    'att_labels', 'att_label_weights'
                ])
        ]),
    val=dict(
        type='RefCrowdDataset',
        ann_file=[
            '/data1/QiuHeqian/refcrowdhuman_qhq/refcrowd_dataset/annotations/1011_json/refcrowdhuman2021_qhq_val_1011_h5id.json'
        ],
        img_prefix=
        '/data1/QiuHeqian/refcrowdhuman_qhq/refcrowd_dataset/crowdhuman2021/',
        pipeline=[
            dict(type='LoadImageFromFile'),
            dict(
                type='MultiScaleFlipAug',
                img_scale=(1333, 800),
                flip=False,
                transforms=[
                    dict(type='Resize', keep_ratio=True),
                    dict(type='RandomFlip'),
                    dict(
                        type='Normalize',
                        mean=[123.675, 116.28, 103.53],
                        std=[58.395, 57.12, 57.375],
                        to_rgb=True),
                    dict(type='Pad', size_divisor=32),
                    dict(type='ImageToTensor', keys=['img']),
                    dict(type='Collect', keys=['img', 'refer_labels'])
                ])
        ]),
    test=dict(
        type='RefCrowdDataset',
        ann_file=
        '/data1/QiuHeqian/refcrowdhuman_qhq/refcrowd_dataset/annotations/1011_json/refcrowdhuman2021_qhq_val_1011_h5id.json',
        img_prefix=
        '/data1/QiuHeqian/refcrowdhuman_qhq/refcrowd_dataset/crowdhuman2021/',
        pipeline=[
            dict(type='LoadImageFromFile'),
            dict(
                type='MultiScaleFlipAug',
                img_scale=(1333, 800),
                flip=False,
                transforms=[
                    dict(type='Resize', keep_ratio=True),
                    dict(type='RandomFlip'),
                    dict(
                        type='Normalize',
                        mean=[123.675, 116.28, 103.53],
                        std=[58.395, 57.12, 57.375],
                        to_rgb=True),
                    dict(type='Pad', size_divisor=32),
                    dict(type='ImageToTensor', keys=['img']),
                    dict(type='Collect', keys=['img', 'refer_labels'])
                ])
        ]))
evaluation = dict(interval=1, metric='Top1Acc')
optimizer = dict(
    type='SGD',
    lr=0.002,
    momentum=0.9,
    weight_decay=0.0001,
    paramwise_cfg=dict(
        custom_keys=dict(
            dynamic_fcs=dict(lr_mult=10.0, decay_mult=1.0),
            rnn_encoder=dict(lr_mult=10.0, decay_mult=1.0),
            contra=dict(lr_mult=10.0, decay_mult=1.0),
            lang=dict(lr_mult=10.0, decay_mult=1.0),
            vis=dict(lr_mult=10.0, decay_mult=1.0),
            word=dict(lr_mult=10.0, decay_mult=1.0))))
optimizer_config = dict(grad_clip=None)
lr_config = dict(
    policy='step',
    warmup='linear',
    warmup_iters=500,
    warmup_ratio=0.001,
    step=[8, 11])
runner = dict(type='EpochBasedRunner', max_epochs=12)
checkpoint_config = dict(interval=1)
log_config = dict(interval=50, hooks=[dict(type='TextLoggerHook')])
custom_hooks = [dict(type='NumClassCheckHook')]
dist_params = dict(backend='nccl')
log_level = 'INFO'
resume_from = None
workflow = [('train', 1)]
load_from = '/data1/QiuHeqian/refcrowdhuman_qhq/mmdetection-refcrowd-cvpr/pretrained_models/reppoints_moment_r101_fpn_gn-neck+head_2x_coco_20200329-4fbc7310.pth'
work_dir = './work_dirs/reppoints_r101_v1'
gpu_ids = range(0, 8)

2021-10-14 19:15:09,935 - mmdet - INFO - load checkpoint from /data1/QiuHeqian/refcrowdhuman_qhq/mmdetection-refcrowd-cvpr/pretrained_models/reppoints_moment_r101_fpn_gn-neck+head_2x_coco_20200329-4fbc7310.pth
2021-10-14 19:15:09,936 - mmdet - INFO - Use load_from_local loader
2021-10-14 19:15:10,170 - mmdet - WARNING - The model and loaded state dict do not match exactly

size mismatch for bbox_head.reppoints_cls_out.weight: copying a param with shape torch.Size([80, 256, 1, 1]) from checkpoint, the shape in current model is torch.Size([1, 256, 1, 1]).
size mismatch for bbox_head.reppoints_cls_out.bias: copying a param with shape torch.Size([80]) from checkpoint, the shape in current model is torch.Size([1]).
missing keys in source state_dict: rnn_encoder.embedding.weight, rnn_encoder.mlp.0.weight, rnn_encoder.mlp.0.bias, rnn_encoder.rnn.weight_ih_l0, rnn_encoder.rnn.weight_hh_l0, rnn_encoder.rnn.bias_ih_l0, rnn_encoder.rnn.bias_hh_l0, rnn_encoder.rnn.weight_ih_l0_reverse, rnn_encoder.rnn.weight_hh_l0_reverse, rnn_encoder.rnn.bias_ih_l0_reverse, rnn_encoder.rnn.bias_hh_l0_reverse, crowd_dynamic_fcs_spa.0.weight, crowd_dynamic_fcs_spa.0.bias, crowd_dynamic_fcs_spa.1.weight, crowd_dynamic_fcs_spa.1.bias, crowd_dynamic_fcs_spa.2.weight, crowd_dynamic_fcs_spa.2.bias, crowd_dynamic_fcs_spa.3.weight, crowd_dynamic_fcs_spa.3.bias, crowd_dynamic_fcs_spa.4.weight, crowd_dynamic_fcs_spa.4.bias

2021-10-14 19:15:10,173 - mmdet - INFO - Start running, host: amax@amax, work_dir: /data1/QiuHeqian/refcrowdhuman_qhq/mmdetection-master/tools/work_dirs/reppoints_r101_v1
2021-10-14 19:15:10,174 - mmdet - INFO - Hooks will be executed in the following order:
before_run:
(VERY_HIGH   ) StepLrUpdaterHook                  
(NORMAL      ) CheckpointHook                     
(LOW         ) DistEvalHook                       
(VERY_LOW    ) TextLoggerHook                     
 -------------------- 
before_train_epoch:
(VERY_HIGH   ) StepLrUpdaterHook                  
(NORMAL      ) DistSamplerSeedHook                
(NORMAL      ) NumClassCheckHook                  
(LOW         ) IterTimerHook                      
(LOW         ) DistEvalHook                       
(VERY_LOW    ) TextLoggerHook                     
 -------------------- 
before_train_iter:
(VERY_HIGH   ) StepLrUpdaterHook                  
(LOW         ) IterTimerHook                      
(LOW         ) DistEvalHook                       
 -------------------- 
after_train_iter:
(ABOVE_NORMAL) OptimizerHook                      
(NORMAL      ) CheckpointHook                     
(LOW         ) IterTimerHook                      
(LOW         ) DistEvalHook                       
(VERY_LOW    ) TextLoggerHook                     
 -------------------- 
after_train_epoch:
(NORMAL      ) CheckpointHook                     
(LOW         ) DistEvalHook                       
(VERY_LOW    ) TextLoggerHook                     
 -------------------- 
before_val_epoch:
(NORMAL      ) DistSamplerSeedHook                
(NORMAL      ) NumClassCheckHook                  
(LOW         ) IterTimerHook                      
(VERY_LOW    ) TextLoggerHook                     
 -------------------- 
before_val_iter:
(LOW         ) IterTimerHook                      
 -------------------- 
after_val_iter:
(LOW         ) IterTimerHook                      
 -------------------- 
after_val_epoch:
(VERY_LOW    ) TextLoggerHook                     
 -------------------- 
2021-10-14 19:15:10,174 - mmdet - INFO - workflow: [('train', 1)], max: 12 epochs
